<?xml version="1.0" encoding="UTF-8"?>
<!-- Generated by org.testng.reporters.JUnitXMLReporter -->
<testsuite ignored="2" hostname="LAPTOP-94M9N0R5" failures="0" tests="1" name="ChromeTest" time="5.451" errors="0" timestamp="2023-05-14T20:25:13 IST">
  <testcase classname="testCases.LoginTestCases" name="verifySucessFullLogin" time="1.967"/>
  <testcase classname="testCases.LoginTestCases" name="verifyLoginButtonText" time="0.0">
    <ignored/>
  </testcase> <!-- verifyLoginButtonText -->
  <testcase classname="testCases.LoginTestCases" name="verifyLoginBackgroundColor" time="0.0">
    <ignored/>
  </testcase> <!-- verifyLoginBackgroundColor -->
</testsuite> <!-- ChromeTest -->
