<?xml version="1.0" encoding="UTF-8"?>
<!-- Generated by org.testng.reporters.JUnitXMLReporter -->
<testsuite ignored="0" hostname="LAPTOP-94M9N0R5" failures="1" tests="3" name="My Test" time="14.42" errors="0" timestamp="2023-05-09T09:03:36 IST">
  <testcase classname="testCases.LoginTestCases" name="verifyLoginBackgroundColor" time="0.128">
    <failure type="java.lang.AssertionError" message="not expected output expected [rgba(52, 58, 64, 2)] but found [rgba(52, 58, 64, 1)]">
      <![CDATA[java.lang.AssertionError: not expected output expected [rgba(52, 58, 64, 2)] but found [rgba(52, 58, 64, 1)]
at testCases.LoginTestCases.verifyLoginBackgroundColor(LoginTestCases.java:31)
at java.base/java.util.ArrayList.forEach(ArrayList.java:1511)
... Removed 32 stack frames]]>
    </failure>
  </testcase> <!-- verifyLoginBackgroundColor -->
  <testcase classname="testCases.LoginTestCases" name="verifyLoginButtonText" time="0.106"/>
  <testcase classname="testCases.LoginTestCases" name="verifySucessFullLogin" time="2.651"/>
</testsuite> <!-- My Test -->
