<?xml version="1.0" encoding="UTF-8"?>
<!-- Generated by org.testng.reporters.JUnitXMLReporter -->
<testsuite ignored="1" hostname="LAPTOP-94M9N0R5" failures="0" tests="1" name="Default test" time="5.629" errors="0" timestamp="2023-07-23T23:52:14 IST">
  <testcase classname="testCases.HomePageSettingsTestCases" name="verifyHomePageChangePasswordPageText" time="1.58"/>
  <testcase classname="testCases.HomePageSettingsTestCases" name="verifyNewPasswordDetails" time="0.0">
    <ignored/>
  </testcase> <!-- verifyNewPasswordDetails -->
</testsuite> <!-- Default test -->
