<?xml version="1.0" encoding="UTF-8"?>
<testng-results ignored="1" total="2" passed="1" failed="0" skipped="0">
  <reporter-output>
  </reporter-output>
  <suite started-at="2023-07-23T23:52:08 IST" name="Default suite" finished-at="2023-07-23T23:52:14 IST" duration-ms="5629">
    <groups>
    </groups>
    <test started-at="2023-07-23T23:52:08 IST" name="Default test" finished-at="2023-07-23T23:52:14 IST" duration-ms="5629">
      <class name="testCases.HomePageSettingsTestCases">
        <test-method is-config="true" signature="beforeMethod()[pri:0, instance:testCases.HomePageSettingsTestCases@49139829]" started-at="2023-07-23T23:52:08 IST" name="beforeMethod" finished-at="2023-07-23T23:52:12 IST" duration-ms="3975" status="PASS">
          <reporter-output>
          </reporter-output>
        </test-method> <!-- beforeMethod -->
        <test-method signature="verifyHomePageChangePasswordPageText()[pri:2, instance:testCases.HomePageSettingsTestCases@49139829]" started-at="2023-07-23T23:52:12 IST" name="verifyHomePageChangePasswordPageText" finished-at="2023-07-23T23:52:14 IST" duration-ms="1580" status="PASS">
          <reporter-output>
          </reporter-output>
        </test-method> <!-- verifyHomePageChangePasswordPageText -->
        <test-method is-config="true" signature="afterMethod()[pri:0, instance:testCases.HomePageSettingsTestCases@49139829]" started-at="2023-07-23T23:52:14 IST" name="afterMethod" finished-at="2023-07-23T23:52:14 IST" duration-ms="2" status="PASS">
          <reporter-output>
          </reporter-output>
        </test-method> <!-- afterMethod -->
      </class> <!-- testCases.HomePageSettingsTestCases -->
    </test> <!-- Default test -->
  </suite> <!-- Default suite -->
</testng-results>
